[0.008s] Invoking command in '/home/rmcolin/ros2_ws/src/calculator_2/build/calculator_2': CMAKE_PREFIX_PATH=${CMAKE_PREFIX_PATH}:/opt/ros/jazzy DEBUGINFOD_URLS=https://debuginfod.ubuntu.com /usr/bin/cmake --build /home/rmcolin/ros2_ws/src/calculator_2/build/calculator_2 -- -j24 -l24
[0.053s] [ 75%] Built target calculator_subscriber
[0.053s] [ 75%] [32mBuilding CXX object CMakeFiles/calculator_publisher.dir/src/calculator_publisher.cpp.o[0m
[1.255s] [01m[K/home/rmcolin/ros2_ws/src/calculator_2/src/calculator_publisher.cpp:[m[K In member function ‚Äò[01m[Kvoid CalculatorPublisher::[01;32m[Krun[m[K()[m[K‚Äô:
[1.255s] [01m[K/home/rmcolin/ros2_ws/src/calculator_2/src/calculator_publisher.cpp:47:13:[m[K [01;31m[Kerror: [m[K‚Äò[01m[Kspin_once[m[K‚Äô is not a member of ‚Äò[01m[Krclcpp[m[K‚Äô; did you mean ‚Äò[01m[Kspin_some[m[K‚Äô?
[1.255s]    47 |     rclcpp::[01;31m[Kspin_once[m[K(shared_from_this(), std::chrono::milliseconds(100));  // ÁªßÁª≠Â§ÑÁêÜROSÁöÑÊ∂àÊÅØ
[1.255s]       |             [01;31m[K^~~~~~~~~[m[K
[1.255s]       |             [32m[Kspin_some[m[K
[1.942s] gmake[2]: *** [CMakeFiles/calculator_publisher.dir/build.make:76: CMakeFiles/calculator_publisher.dir/src/calculator_publisher.cpp.o] Error 1
[1.942s] gmake[1]: *** [CMakeFiles/Makefile2:139: CMakeFiles/calculator_publisher.dir/all] Error 2
[1.942s] gmake: *** [Makefile:146: all] Error 2
[1.943s] Invoked command in '/home/rmcolin/ros2_ws/src/calculator_2/build/calculator_2' returned '2': CMAKE_PREFIX_PATH=${CMAKE_PREFIX_PATH}:/opt/ros/jazzy DEBUGINFOD_URLS=https://debuginfod.ubuntu.com /usr/bin/cmake --build /home/rmcolin/ros2_ws/src/calculator_2/build/calculator_2 -- -j24 -l24
