[0.006s] Invoking command in '/home/rmcolin/ros2_ws/src/calculator_2/build/calculator_2': CMAKE_PREFIX_PATH=${CMAKE_PREFIX_PATH}:/opt/ros/jazzy DEBUGINFOD_URLS=https://debuginfod.ubuntu.com /usr/bin/cmake --build /home/rmcolin/ros2_ws/src/calculator_2/build/calculator_2 -- -j24 -l24
[0.035s] [ 75%] Built target calculator_subscriber
[0.035s] [ 75%] [32mBuilding CXX object CMakeFiles/calculator_publisher.dir/src/calculator_publisher.cpp.o[0m
[1.131s] [01m[K/home/rmcolin/ros2_ws/src/calculator_2/src/calculator_publisher.cpp:[m[K In member function â€˜[01m[Kvoid CalculatorPublisher::[01;32m[Ktimer_callback[m[K()[m[Kâ€™:
[1.131s] [01m[K/home/rmcolin/ros2_ws/src/calculator_2/src/calculator_publisher.cpp:27:21:[m[K [01;31m[Kerror: [m[Kâ€˜[01m[Kx[m[Kâ€™ was not declared in this scope
[1.131s]    27 |     msg_num1.data = [01;31m[Kx[m[K;
[1.131s]       |                     [01;31m[K^[m[K
[1.135s] [01m[K/home/rmcolin/ros2_ws/src/calculator_2/src/calculator_publisher.cpp:28:21:[m[K [01;31m[Kerror: [m[Kâ€˜[01m[Ky[m[Kâ€™ was not declared in this scope; did you mean â€˜[01m[Kyn[m[Kâ€™?
[1.135s]    28 |     msg_num2.data = [01;31m[Ky[m[K;
[1.135s]       |                     [01;31m[K^[m[K
[1.135s]       |                     [32m[Kyn[m[K
[1.137s] [01m[K/home/rmcolin/ros2_ws/src/calculator_2/src/calculator_publisher.cpp:29:19:[m[K [01;31m[Kerror: [m[Kâ€˜[01m[Kz[m[Kâ€™ was not declared in this scope
[1.137s]    29 |     msg_op.data = [01;31m[Kz[m[K;
[1.137s]       |                   [01;31m[K^[m[K
[1.138s] [01m[K/home/rmcolin/ros2_ws/src/calculator_2/src/calculator_publisher.cpp:[m[K In function â€˜[01m[Kint[01;32m[K main[m[K(int, char**)[m[Kâ€™:
[1.138s] [01m[K/home/rmcolin/ros2_ws/src/calculator_2/src/calculator_publisher.cpp:47:22:[m[K [01;31m[Kerror: [m[Kcannot convert â€˜[01m[Kstd::basic_istream<char>::__istream_type[m[Kâ€™ {aka â€˜[01m[Kstd::basic_istream<char>[m[Kâ€™} to â€˜[01m[Kint[m[Kâ€™ in initialization
[1.138s]    47 |     int x = [01;31m[Kstd::cin >> x[m[K;
[1.138s]       |             [01;31m[K~~~~~~~~~^~~~[m[K
[1.138s]       |                      [01;31m[K|[m[K
[1.138s]       |                      [01;31m[Kstd::basic_istream<char>::__istream_type {aka std::basic_istream<char>}[m[K
[1.139s] [01m[K/home/rmcolin/ros2_ws/src/calculator_2/src/calculator_publisher.cpp:48:22:[m[K [01;31m[Kerror: [m[Kcannot convert â€˜[01m[Kstd::basic_istream<char>::__istream_type[m[Kâ€™ {aka â€˜[01m[Kstd::basic_istream<char>[m[Kâ€™} to â€˜[01m[Kint[m[Kâ€™ in initialization
[1.139s]    48 |     int y = [01;31m[Kstd::cin >> y[m[K;
[1.139s]       |             [01;31m[K~~~~~~~~~^~~~[m[K
[1.139s]       |                      [01;31m[K|[m[K
[1.139s]       |                      [01;31m[Kstd::basic_istream<char>::__istream_type {aka std::basic_istream<char>}[m[K
[1.139s] [01m[K/home/rmcolin/ros2_ws/src/calculator_2/src/calculator_publisher.cpp:49:30:[m[K [01;31m[Kerror: [m[Kconversion from â€˜[01m[Kstd::basic_istream<char>[m[Kâ€™ to non-scalar type â€˜[01m[Kstd::string[m[Kâ€™ {aka â€˜[01m[Kstd::__cxx11::basic_string<char>[m[Kâ€™} requested
[1.139s]    49 |     std::string z = [01;31m[Kstd::cin >> z[m[K;
[1.139s]       |                     [01;31m[K~~~~~~~~~^~~~[m[K
[1.811s] gmake[2]: *** [CMakeFiles/calculator_publisher.dir/build.make:76: CMakeFiles/calculator_publisher.dir/src/calculator_publisher.cpp.o] Error 1
[1.811s] gmake[1]: *** [CMakeFiles/Makefile2:139: CMakeFiles/calculator_publisher.dir/all] Error 2
[1.811s] gmake: *** [Makefile:146: all] Error 2
[1.821s] Invoked command in '/home/rmcolin/ros2_ws/src/calculator_2/build/calculator_2' returned '2': CMAKE_PREFIX_PATH=${CMAKE_PREFIX_PATH}:/opt/ros/jazzy DEBUGINFOD_URLS=https://debuginfod.ubuntu.com /usr/bin/cmake --build /home/rmcolin/ros2_ws/src/calculator_2/build/calculator_2 -- -j24 -l24
