[0.007s] Invoking command in '/home/rmcolin/ros2_ws/src/calculator_2/build/calculator_2': CMAKE_PREFIX_PATH=${CMAKE_PREFIX_PATH}:/opt/ros/jazzy DEBUGINFOD_URLS=https://debuginfod.ubuntu.com /usr/bin/cmake --build /home/rmcolin/ros2_ws/src/calculator_2/build/calculator_2 -- -j24 -l24
[0.076s] [ 50%] [32mBuilding CXX object CMakeFiles/calculator_publisher.dir/src/calculator_publisher.cpp.o[0m
[0.076s] [ 50%] [32mBuilding CXX object CMakeFiles/calculator_subscriber.dir/src/calculator_subscriber.cpp.o[0m
[1.329s] [01m[K/home/rmcolin/ros2_ws/src/calculator_2/src/calculator_subscriber.cpp:[m[K In function â€˜[01m[Kint[01;32m[K main[m[K(int, char**)[m[Kâ€™:
[1.329s] [01m[K/home/rmcolin/ros2_ws/src/calculator_2/src/calculator_subscriber.cpp:110:13:[m[K [01;31m[Kerror: [m[Kâ€˜[01m[Kusing std::__shared_ptr_access<CalculatorSubscriber, __gnu_cxx::_S_atomic, false, false>::element_type = class CalculatorSubscriber[m[Kâ€™ {aka â€˜[01m[Kclass CalculatorSubscriber[m[Kâ€™} has no member named â€˜[01m[Kpublish_data[m[Kâ€™
[1.329s]   110 |       node->[01;31m[Kpublish_data[m[K(num1, num2, operation);
[1.329s]       |             [01;31m[K^~~~~~~~~~~~[m[K
[1.329s] [01m[K/home/rmcolin/ros2_ws/src/calculator_2/src/calculator_subscriber.cpp:114:13:[m[K [01;31m[Kerror: [m[Kâ€˜[01m[Kusing std::__shared_ptr_access<CalculatorSubscriber, __gnu_cxx::_S_atomic, false, false>::element_type = class CalculatorSubscriber[m[Kâ€™ {aka â€˜[01m[Kclass CalculatorSubscriber[m[Kâ€™} has no member named â€˜[01m[Kshow_history[m[Kâ€™; did you mean â€˜[01m[Ksave_history[m[Kâ€™?
[1.329s]   114 |       node->[01;31m[Kshow_history[m[K();
[1.329s]       |             [01;31m[K^~~~~~~~~~~~[m[K
[1.329s]       |             [32m[Ksave_history[m[K
[1.329s] [01m[K/home/rmcolin/ros2_ws/src/calculator_2/src/calculator_subscriber.cpp:118:26:[m[K [01;31m[Kerror: [m[Kâ€˜[01m[Kvoid CalculatorSubscriber::[01;32m[Kclear_history[m[K()[m[Kâ€™ is private within this context
[1.329s]   118 |       [01;31m[Knode->clear_history()[m[K;
[1.329s]       |       [01;31m[K~~~~~~~~~~~~~~~~~~~^~[m[K
[1.329s] [01m[K/home/rmcolin/ros2_ws/src/calculator_2/src/calculator_subscriber.cpp:72:8:[m[K [01;36m[Knote: [m[Kdeclared private here
[1.329s]    72 |   void [01;36m[Kclear_history[m[K()
[1.329s]       |        [01;36m[K^~~~~~~~~~~~~[m[K
[2.859s] [ 75%] [32m[1mLinking CXX executable calculator_publisher[0m
[2.927s] gmake[2]: *** [CMakeFiles/calculator_subscriber.dir/build.make:76: CMakeFiles/calculator_subscriber.dir/src/calculator_subscriber.cpp.o] Error 1
[2.927s] gmake[1]: *** [CMakeFiles/Makefile2:165: CMakeFiles/calculator_subscriber.dir/all] Error 2
[2.927s] gmake[1]: *** Waiting for unfinished jobs....
[3.060s] [ 75%] Built target calculator_publisher
[3.060s] gmake: *** [Makefile:146: all] Error 2
[3.061s] Invoked command in '/home/rmcolin/ros2_ws/src/calculator_2/build/calculator_2' returned '2': CMAKE_PREFIX_PATH=${CMAKE_PREFIX_PATH}:/opt/ros/jazzy DEBUGINFOD_URLS=https://debuginfod.ubuntu.com /usr/bin/cmake --build /home/rmcolin/ros2_ws/src/calculator_2/build/calculator_2 -- -j24 -l24
