[0.008s] Invoking command in '/home/rmcolin/ros2_ws/src/calculator_2/build/calculator_2': CMAKE_PREFIX_PATH=${CMAKE_PREFIX_PATH}:/opt/ros/jazzy DEBUGINFOD_URLS=https://debuginfod.ubuntu.com /usr/bin/cmake --build /home/rmcolin/ros2_ws/src/calculator_2/build/calculator_2 -- -j24 -l24
[0.074s] [ 25%] [32mBuilding CXX object CMakeFiles/calculator_subscriber.dir/src/calculator_subscriber.cpp.o[0m
[0.077s] [ 75%] Built target calculator_publisher
[1.281s] In file included from [01m[K/home/rmcolin/ros2_ws/src/calculator_2/src/calculator_subscriber.cpp:1[m[K:
[1.282s] [01m[K/home/rmcolin/ros2_ws/src/calculator_2/src/calculator_subscriber.hpp:11:1:[m[K [01;31m[Kerror: [m[K‚Äò[01m[Kco[m[K‚Äô does not name a type
[1.282s]    11 | [01;31m[Kco[m[K
[1.282s]       | [01;31m[K^~[m[K
[1.283s] [01m[K/home/rmcolin/ros2_ws/src/calculator_2/src/calculator_subscriber.cpp:3:1:[m[K [01;31m[Kerror: [m[K‚Äò[01m[KCalculatorSubscriber[m[K‚Äô does not name a type
[1.283s]     3 | [01;31m[KCalculatorSubscriber[m[K::CalculatorSubscriber() : Node("calculator_subscriber")
[1.283s]       | [01;31m[K^~~~~~~~~~~~~~~~~~~~[m[K
[1.283s] [01m[K/home/rmcolin/ros2_ws/src/calculator_2/src/calculator_subscriber.cpp:17:6:[m[K [01;31m[Kerror: [m[K‚Äò[01m[KCalculatorSubscriber[m[K‚Äô has not been declared
[1.283s]    17 | void [01;31m[KCalculatorSubscriber[m[K::num1_callback(const std_msgs::msg::Float64::SharedPtr msg)
[1.283s]       |      [01;31m[K^~~~~~~~~~~~~~~~~~~~[m[K
[1.289s] [01m[K/home/rmcolin/ros2_ws/src/calculator_2/src/calculator_subscriber.cpp:[m[K In function ‚Äò[01m[Kvoid[01;32m[K num1_callback[m[K(std_msgs::msg::Float64_<std::allocator<void> >::SharedPtr)[m[K‚Äô:
[1.289s] [01m[K/home/rmcolin/ros2_ws/src/calculator_2/src/calculator_subscriber.cpp:19:3:[m[K [01;31m[Kerror: [m[K‚Äò[01m[Knum1_[m[K‚Äô was not declared in this scope
[1.289s]    19 |   [01;31m[Knum1_[m[K = msg->data;
[1.289s]       |   [01;31m[K^~~~~[m[K
[1.289s] [01m[K/home/rmcolin/ros2_ws/src/calculator_2/src/calculator_subscriber.cpp:[m[K At global scope:
[1.290s] [01m[K/home/rmcolin/ros2_ws/src/calculator_2/src/calculator_subscriber.cpp:22:6:[m[K [01;31m[Kerror: [m[K‚Äò[01m[KCalculatorSubscriber[m[K‚Äô has not been declared
[1.290s]    22 | void [01;31m[KCalculatorSubscriber[m[K::num2_callback(const std_msgs::msg::Float64::SharedPtr msg)
[1.290s]       |      [01;31m[K^~~~~~~~~~~~~~~~~~~~[m[K
[1.291s] [01m[K/home/rmcolin/ros2_ws/src/calculator_2/src/calculator_subscriber.cpp:[m[K In function ‚Äò[01m[Kvoid[01;32m[K num2_callback[m[K(std_msgs::msg::Float64_<std::allocator<void> >::SharedPtr)[m[K‚Äô:
[1.291s] [01m[K/home/rmcolin/ros2_ws/src/calculator_2/src/calculator_subscriber.cpp:24:3:[m[K [01;31m[Kerror: [m[K‚Äò[01m[Knum2_[m[K‚Äô was not declared in this scope
[1.291s]    24 |   [01;31m[Knum2_[m[K = msg->data;
[1.291s]       |   [01;31m[K^~~~~[m[K
[1.291s] [01m[K/home/rmcolin/ros2_ws/src/calculator_2/src/calculator_subscriber.cpp:[m[K At global scope:
[1.291s] [01m[K/home/rmcolin/ros2_ws/src/calculator_2/src/calculator_subscriber.cpp:27:6:[m[K [01;31m[Kerror: [m[K‚Äò[01m[KCalculatorSubscriber[m[K‚Äô has not been declared
[1.291s]    27 | void [01;31m[KCalculatorSubscriber[m[K::operation_callback(const std_msgs::msg::String::SharedPtr msg)
[1.291s]       |      [01;31m[K^~~~~~~~~~~~~~~~~~~~[m[K
[1.294s] [01m[K/home/rmcolin/ros2_ws/src/calculator_2/src/calculator_subscriber.cpp:[m[K In function ‚Äò[01m[Kvoid[01;32m[K operation_callback[m[K(std_msgs::msg::String_<std::allocator<void> >::SharedPtr)[m[K‚Äô:
[1.294s] [01m[K/home/rmcolin/ros2_ws/src/calculator_2/src/calculator_subscriber.cpp:29:3:[m[K [01;31m[Kerror: [m[K‚Äò[01m[Koperation_[m[K‚Äô was not declared in this scope; did you mean ‚Äò[01m[Koperator![m[K‚Äô?
[1.294s]    29 |   [01;31m[Koperation_[m[K = msg->data;
[1.294s]       |   [01;31m[K^~~~~~~~~~[m[K
[1.294s]       |   [32m[Koperator![m[K
[1.294s] [01m[K/home/rmcolin/ros2_ws/src/calculator_2/src/calculator_subscriber.cpp:[m[K At global scope:
[1.294s] [01m[K/home/rmcolin/ros2_ws/src/calculator_2/src/calculator_subscriber.cpp:32:6:[m[K [01;31m[Kerror: [m[K‚Äò[01m[KCalculatorSubscriber[m[K‚Äô has not been declared
[1.294s]    32 | void [01;31m[KCalculatorSubscriber[m[K::command_callback(const std_msgs::msg::Int32::SharedPtr msg)
[1.294s]       |      [01;31m[K^~~~~~~~~~~~~~~~~~~~[m[K
[1.295s] In file included from [01m[K/opt/ros/jazzy/include/rclcpp/rclcpp/copy_all_parameter_values.hpp:27[m[K,
[1.295s]                  from [01m[K/opt/ros/jazzy/include/rclcpp/rclcpp/rclcpp.hpp:171[m[K,
[1.295s]                  from [01m[K/home/rmcolin/ros2_ws/src/calculator_2/src/calculator_subscriber.hpp:4[m[K:
[1.295s] [01m[K/home/rmcolin/ros2_ws/src/calculator_2/src/calculator_subscriber.cpp:[m[K In function ‚Äò[01m[Kvoid[01;32m[K command_callback[m[K(std_msgs::msg::Int32_<std::allocator<void> >::SharedPtr)[m[K‚Äô:
[1.295s] [01m[K/home/rmcolin/ros2_ws/src/calculator_2/src/calculator_subscriber.cpp:35:15:[m[K [01;31m[Kerror: [m[Kinvalid use of ‚Äò[01m[Kthis[m[K‚Äô in non-member function
[1.295s]    35 |   RCLCPP_INFO([01;31m[Kthis[m[K->get_logger(), "Êî∂Âà∞ÂëΩ‰ª§: %d", command); // Ê∑ªÂä†Êó•Âøó
[1.295s]       |               [01;31m[K^~~~[m[K
[1.295s] [01m[K/home/rmcolin/ros2_ws/src/calculator_2/src/calculator_subscriber.cpp:35:15:[m[K [01;31m[Kerror: [m[Kinvalid use of ‚Äò[01m[Kthis[m[K‚Äô in non-member function
[1.295s] [01m[K/home/rmcolin/ros2_ws/src/calculator_2/src/calculator_subscriber.cpp:35:3:[m[K [01;31m[Kerror: [m[Ktemplate argument 1 is invalid
[1.295s]    35 |   [01;31m[KRCLCPP_INFO[m[K(this->get_logger(), "Êî∂Âà∞ÂëΩ‰ª§: %d", command); // Ê∑ªÂä†Êó•Âøó
[1.295s]       |   [01;31m[K^~~~~~~~~~~[m[K
[1.295s] [01m[K/home/rmcolin/ros2_ws/src/calculator_2/src/calculator_subscriber.cpp:35:3:[m[K [01;31m[Kerror: [m[Ktemplate argument 1 is invalid
[1.295s]    35 |   [01;31m[KRCLCPP_INFO[m[K(this->get_logger(), "Êî∂Âà∞ÂëΩ‰ª§: %d", command); // Ê∑ªÂä†Êó•Âøó
[1.295s]       |   [01;31m[K^~~~~~~~~~~[m[K
[1.295s] [01m[K/home/rmcolin/ros2_ws/src/calculator_2/src/calculator_subscriber.cpp:35:3:[m[K [01;31m[Kerror: [m[Ktemplate argument 1 is invalid
[1.295s]    35 |   [01;31m[KRCLCPP_INFO[m[K(this->get_logger(), "Êî∂Âà∞ÂëΩ‰ª§: %d", command); // Ê∑ªÂä†Êó•Âøó
[1.295s]       |   [01;31m[K^~~~~~~~~~~[m[K
[1.295s] In file included from [01m[K/opt/ros/jazzy/include/rclcpp/rclcpp/logging.hpp:24[m[K:
[1.296s] [01m[K/home/rmcolin/ros2_ws/src/calculator_2/src/calculator_subscriber.cpp:35:15:[m[K [01;31m[Kerror: [m[Kinvalid use of ‚Äò[01m[Kthis[m[K‚Äô in non-member function
[1.296s]    35 |   RCLCPP_INFO([01;31m[Kthis[m[K->get_logger(), "Êî∂Âà∞ÂëΩ‰ª§: %d", command); // Ê∑ªÂä†Êó•Âøó
[1.296s]       |               [01;31m[K^~~~[m[K
[1.296s] [01m[K/home/rmcolin/ros2_ws/src/calculator_2/src/calculator_subscriber.cpp:35:15:[m[K [01;31m[Kerror: [m[Kinvalid use of ‚Äò[01m[Kthis[m[K‚Äô in non-member function
[1.296s]    35 |   RCLCPP_INFO([01;31m[Kthis[m[K->get_logger(), "Êî∂Âà∞ÂëΩ‰ª§: %d", command); // Ê∑ªÂä†Êó•Âøó
[1.296s]       |               [01;31m[K^~~~[m[K
[1.297s] [01m[K/home/rmcolin/ros2_ws/src/calculator_2/src/calculator_subscriber.cpp:37:23:[m[K [01;31m[Kerror: [m[K‚Äò[01m[Knum1_[m[K‚Äô was not declared in this scope
[1.297s]    37 |   if (command == 1 && [01;31m[Knum1_[m[K && num2_ && !operation_.empty())
[1.297s]       |                       [01;31m[K^~~~~[m[K
[1.299s] [01m[K/home/rmcolin/ros2_ws/src/calculator_2/src/calculator_subscriber.cpp:37:32:[m[K [01;31m[Kerror: [m[K‚Äò[01m[Knum2_[m[K‚Äô was not declared in this scope
[1.299s]    37 |   if (command == 1 && num1_ && [01;31m[Knum2_[m[K && !operation_.empty())
[1.299s]       |                                [01;31m[K^~~~~[m[K
[1.301s] [01m[K/home/rmcolin/ros2_ws/src/calculator_2/src/calculator_subscriber.cpp:37:42:[m[K [01;31m[Kerror: [m[K‚Äò[01m[Koperation_[m[K‚Äô was not declared in this scope; did you mean ‚Äò[01m[Koperator![m[K‚Äô?
[1.301s]    37 |   if (command == 1 && num1_ && num2_ && ![01;31m[Koperation_[m[K.empty())
[1.301s]       |                                          [01;31m[K^~~~~~~~~~[m[K
[1.301s]       |                                          [32m[Koperator![m[K
[1.304s] [01m[K/home/rmcolin/ros2_ws/src/calculator_2/src/calculator_subscriber.cpp:39:21:[m[K [01;31m[Kerror: [m[K‚Äò[01m[Kperform_calculation[m[K‚Äô was not declared in this scope
[1.304s]    39 |     double result = [01;31m[Kperform_calculation[m[K(*num1_, *num2_, operation_);
[1.305s]       |                     [01;31m[K^~~~~~~~~~~~~~~~~~~[m[K
[1.307s] [01m[K/home/rmcolin/ros2_ws/src/calculator_2/src/calculator_subscriber.cpp:40:5:[m[K [01;31m[Kerror: [m[K‚Äò[01m[Ksave_history[m[K‚Äô was not declared in this scope
[1.307s]    40 |     [01;31m[Ksave_history[m[K(result);
[1.307s]       |     [01;31m[K^~~~~~~~~~~~[m[K
[1.307s] [01m[K/home/rmcolin/ros2_ws/src/calculator_2/src/calculator_subscriber.cpp:41:17:[m[K [01;31m[Kerror: [m[Kinvalid use of ‚Äò[01m[Kthis[m[K‚Äô in non-member function
[1.307s]    41 |     RCLCPP_INFO([01;31m[Kthis[m[K->get_logger(), "ËøêÁÆóÁªìÊûú: %.2f", result);
[1.307s]       |                 [01;31m[K^~~~[m[K
[1.307s] [01m[K/home/rmcolin/ros2_ws/src/calculator_2/src/calculator_subscriber.cpp:41:17:[m[K [01;31m[Kerror: [m[Kinvalid use of ‚Äò[01m[Kthis[m[K‚Äô in non-member function
[1.307s] [01m[K/home/rmcolin/ros2_ws/src/calculator_2/src/calculator_subscriber.cpp:41:5:[m[K [01;31m[Kerror: [m[Ktemplate argument 1 is invalid
[1.307s]    41 |     [01;31m[KRCLCPP_INFO[m[K(this->get_logger(), "ËøêÁÆóÁªìÊûú: %.2f", result);
[1.307s]       |     [01;31m[K^~~~~~~~~~~[m[K
[1.307s] [01m[K/home/rmcolin/ros2_ws/src/calculator_2/src/calculator_subscriber.cpp:41:5:[m[K [01;31m[Kerror: [m[Ktemplate argument 1 is invalid
[1.307s]    41 |     [01;31m[KRCLCPP_INFO[m[K(this->get_logger(), "ËøêÁÆóÁªìÊûú: %.2f", result);
[1.307s]       |     [01;31m[K^~~~~~~~~~~[m[K
[1.307s] [01m[K/home/rmcolin/ros2_ws/src/calculator_2/src/calculator_subscriber.cpp:41:5:[m[K [01;31m[Kerror: [m[Ktemplate argument 1 is invalid
[1.307s]    41 |     [01;31m[KRCLCPP_INFO[m[K(this->get_logger(), "ËøêÁÆóÁªìÊûú: %.2f", result);
[1.308s]       |     [01;31m[K^~~~~~~~~~~[m[K
[1.308s] [01m[K/home/rmcolin/ros2_ws/src/calculator_2/src/calculator_subscriber.cpp:41:17:[m[K [01;31m[Kerror: [m[Kinvalid use of ‚Äò[01m[Kthis[m[K‚Äô in non-member function
[1.308s]    41 |     RCLCPP_INFO([01;31m[Kthis[m[K->get_logger(), "ËøêÁÆóÁªìÊûú: %.2f", result);
[1.308s]       |                 [01;31m[K^~~~[m[K
[1.308s] [01m[K/home/rmcolin/ros2_ws/src/calculator_2/src/calculator_subscriber.cpp:41:17:[m[K [01;31m[Kerror: [m[Kinvalid use of ‚Äò[01m[Kthis[m[K‚Äô in non-member function
[1.308s]    41 |     RCLCPP_INFO([01;31m[Kthis[m[K->get_logger(), "ËøêÁÆóÁªìÊûú: %.2f", result);
[1.308s]       |                 [01;31m[K^~~~[m[K
[1.310s] [01m[K/home/rmcolin/ros2_ws/src/calculator_2/src/calculator_subscriber.cpp:45:5:[m[K [01;31m[Kerror: [m[K‚Äò[01m[Kdisplay_history[m[K‚Äô was not declared in this scope
[1.310s]    45 |     [01;31m[Kdisplay_history[m[K();
[1.310s]       |     [01;31m[K^~~~~~~~~~~~~~~[m[K
[1.313s] [01m[K/home/rmcolin/ros2_ws/src/calculator_2/src/calculator_subscriber.cpp:49:5:[m[K [01;31m[Kerror: [m[K‚Äò[01m[Kclear_history[m[K‚Äô was not declared in this scope
[1.313s]    49 |     [01;31m[Kclear_history[m[K();
[1.314s]       |     [01;31m[K^~~~~~~~~~~~~[m[K
[1.314s] [01m[K/home/rmcolin/ros2_ws/src/calculator_2/src/calculator_subscriber.cpp:53:17:[m[K [01;31m[Kerror: [m[Kinvalid use of ‚Äò[01m[Kthis[m[K‚Äô in non-member function
[1.314s]    53 |     RCLCPP_WARN([01;31m[Kthis[m[K->get_logger(), "Êó†ÊïàÊåá‰ª§");
[1.314s]       |                 [01;31m[K^~~~[m[K
[1.314s] [01m[K/home/rmcolin/ros2_ws/src/calculator_2/src/calculator_subscriber.cpp:53:17:[m[K [01;31m[Kerror: [m[Kinvalid use of ‚Äò[01m[Kthis[m[K‚Äô in non-member function
[1.314s] [01m[K/home/rmcolin/ros2_ws/src/calculator_2/src/calculator_subscriber.cpp:53:5:[m[K [01;31m[Kerror: [m[Ktemplate argument 1 is invalid
[1.314s]    53 |     [01;31m[KRCLCPP_WARN[m[K(this->get_logger(), "Êó†ÊïàÊåá‰ª§");
[1.314s]       |     [01;31m[K^~~~~~~~~~~[m[K
[1.314s] [01m[K/home/rmcolin/ros2_ws/src/calculator_2/src/calculator_subscriber.cpp:53:5:[m[K [01;31m[Kerror: [m[Ktemplate argument 1 is invalid
[1.314s]    53 |     [01;31m[KRCLCPP_WARN[m[K(this->get_logger(), "Êó†ÊïàÊåá‰ª§");
[1.315s]       |     [01;31m[K^~~~~~~~~~~[m[K
[1.315s] [01m[K/home/rmcolin/ros2_ws/src/calculator_2/src/calculator_subscriber.cpp:53:5:[m[K [01;31m[Kerror: [m[Ktemplate argument 1 is invalid
[1.315s]    53 |     [01;31m[KRCLCPP_WARN[m[K(this->get_logger(), "Êó†ÊïàÊåá‰ª§");
[1.315s]       |     [01;31m[K^~~~~~~~~~~[m[K
[1.315s] [01m[K/home/rmcolin/ros2_ws/src/calculator_2/src/calculator_subscriber.cpp:53:17:[m[K [01;31m[Kerror: [m[Kinvalid use of ‚Äò[01m[Kthis[m[K‚Äô in non-member function
[1.315s]    53 |     RCLCPP_WARN([01;31m[Kthis[m[K->get_logger(), "Êó†ÊïàÊåá‰ª§");
[1.315s]       |                 [01;31m[K^~~~[m[K
[1.315s] [01m[K/home/rmcolin/ros2_ws/src/calculator_2/src/calculator_subscriber.cpp:53:17:[m[K [01;31m[Kerror: [m[Kinvalid use of ‚Äò[01m[Kthis[m[K‚Äô in non-member function
[1.315s]    53 |     RCLCPP_WARN([01;31m[Kthis[m[K->get_logger(), "Êó†ÊïàÊåá‰ª§");
[1.315s]       |                 [01;31m[K^~~~[m[K
[1.315s] [01m[K/home/rmcolin/ros2_ws/src/calculator_2/src/calculator_subscriber.cpp:[m[K At global scope:
[1.315s] [01m[K/home/rmcolin/ros2_ws/src/calculator_2/src/calculator_subscriber.cpp:57:8:[m[K [01;31m[Kerror: [m[K‚Äò[01m[KCalculatorSubscriber[m[K‚Äô has not been declared
[1.315s]    57 | double [01;31m[KCalculatorSubscriber[m[K::perform_calculation(double num1, double num2, const std::string &operation)
[1.315s]       |        [01;31m[K^~~~~~~~~~~~~~~~~~~~[m[K
[1.315s] [01m[K/home/rmcolin/ros2_ws/src/calculator_2/src/calculator_subscriber.cpp:71:6:[m[K [01;31m[Kerror: [m[K‚Äò[01m[KCalculatorSubscriber[m[K‚Äô has not been declared
[1.315s]    71 | void [01;31m[KCalculatorSubscriber[m[K::save_history(double result)
[1.315s]       |      [01;31m[K^~~~~~~~~~~~~~~~~~~~[m[K
[1.317s] [01m[K/home/rmcolin/ros2_ws/src/calculator_2/src/calculator_subscriber.cpp:[m[K In function ‚Äò[01m[Kvoid[01;32m[K save_history[m[K(double)[m[K‚Äô:
[1.317s] [01m[K/home/rmcolin/ros2_ws/src/calculator_2/src/calculator_subscriber.cpp:73:7:[m[K [01;31m[Kerror: [m[K‚Äò[01m[Khistory_[m[K‚Äô was not declared in this scope
[1.317s]    73 |   if ([01;31m[Khistory_[m[K.size() >= 5)
[1.317s]       |       [01;31m[K^~~~~~~~[m[K
[1.319s] [01m[K/home/rmcolin/ros2_ws/src/calculator_2/src/calculator_subscriber.cpp:77:3:[m[K [01;31m[Kerror: [m[K‚Äò[01m[Khistory_[m[K‚Äô was not declared in this scope
[1.319s]    77 |   [01;31m[Khistory_[m[K.push_back(result);
[1.319s]       |   [01;31m[K^~~~~~~~[m[K
[1.319s] [01m[K/home/rmcolin/ros2_ws/src/calculator_2/src/calculator_subscriber.cpp:[m[K At global scope:
[1.319s] [01m[K/home/rmcolin/ros2_ws/src/calculator_2/src/calculator_subscriber.cpp:80:6:[m[K [01;31m[Kerror: [m[K‚Äò[01m[KCalculatorSubscriber[m[K‚Äô has not been declared
[1.319s]    80 | void [01;31m[KCalculatorSubscriber[m[K::display_history()
[1.319s]       |      [01;31m[K^~~~~~~~~~~~~~~~~~~~[m[K
[1.319s] [01m[K/home/rmcolin/ros2_ws/src/calculator_2/src/calculator_subscriber.cpp:[m[K In function ‚Äò[01m[Kvoid[01;32m[K display_history[m[K()[m[K‚Äô:
[1.319s] [01m[K/home/rmcolin/ros2_ws/src/calculator_2/src/calculator_subscriber.cpp:82:15:[m[K [01;31m[Kerror: [m[Kinvalid use of ‚Äò[01m[Kthis[m[K‚Äô in non-member function
[1.319s]    82 |   RCLCPP_INFO([01;31m[Kthis[m[K->get_logger(), "ÂéÜÂè≤ËÆ∞ÂΩï:");
[1.319s]       |               [01;31m[K^~~~[m[K
[1.319s] [01m[K/home/rmcolin/ros2_ws/src/calculator_2/src/calculator_subscriber.cpp:82:15:[m[K [01;31m[Kerror: [m[Kinvalid use of ‚Äò[01m[Kthis[m[K‚Äô in non-member function
[1.319s] [01m[K/home/rmcolin/ros2_ws/src/calculator_2/src/calculator_subscriber.cpp:82:3:[m[K [01;31m[Kerror: [m[Ktemplate argument 1 is invalid
[1.319s]    82 |   [01;31m[KRCLCPP_INFO[m[K(this->get_logger(), "ÂéÜÂè≤ËÆ∞ÂΩï:");
[1.319s]       |   [01;31m[K^~~~~~~~~~~[m[K
[1.319s] [01m[K/home/rmcolin/ros2_ws/src/calculator_2/src/calculator_subscriber.cpp:82:3:[m[K [01;31m[Kerror: [m[Ktemplate argument 1 is invalid
[1.319s]    82 |   [01;31m[KRCLCPP_INFO[m[K(this->get_logger(), "ÂéÜÂè≤ËÆ∞ÂΩï:");
[1.319s]       |   [01;31m[K^~~~~~~~~~~[m[K
[1.320s] [01m[K/home/rmcolin/ros2_ws/src/calculator_2/src/calculator_subscriber.cpp:82:3:[m[K [01;31m[Kerror: [m[Ktemplate argument 1 is invalid
[1.320s]    82 |   [01;31m[KRCLCPP_INFO[m[K(this->get_logger(), "ÂéÜÂè≤ËÆ∞ÂΩï:");
[1.320s]       |   [01;31m[K^~~~~~~~~~~[m[K
[1.320s] [01m[K/home/rmcolin/ros2_ws/src/calculator_2/src/calculator_subscriber.cpp:82:15:[m[K [01;31m[Kerror: [m[Kinvalid use of ‚Äò[01m[Kthis[m[K‚Äô in non-member function
[1.320s]    82 |   RCLCPP_INFO([01;31m[Kthis[m[K->get_logger(), "ÂéÜÂè≤ËÆ∞ÂΩï:");
[1.320s]       |               [01;31m[K^~~~[m[K
[1.320s] [01m[K/home/rmcolin/ros2_ws/src/calculator_2/src/calculator_subscriber.cpp:82:15:[m[K [01;31m[Kerror: [m[Kinvalid use of ‚Äò[01m[Kthis[m[K‚Äô in non-member function
[1.320s]    82 |   RCLCPP_INFO([01;31m[Kthis[m[K->get_logger(), "ÂéÜÂè≤ËÆ∞ÂΩï:");
[1.320s]       |               [01;31m[K^~~~[m[K
[1.321s] [01m[K/home/rmcolin/ros2_ws/src/calculator_2/src/calculator_subscriber.cpp:83:7:[m[K [01;31m[Kerror: [m[K‚Äò[01m[Khistory_[m[K‚Äô was not declared in this scope
[1.321s]    83 |   if ([01;31m[Khistory_[m[K.empty())
[1.321s]       |       [01;31m[K^~~~~~~~[m[K
[1.321s] [01m[K/home/rmcolin/ros2_ws/src/calculator_2/src/calculator_subscriber.cpp:85:17:[m[K [01;31m[Kerror: [m[Kinvalid use of ‚Äò[01m[Kthis[m[K‚Äô in non-member function
[1.321s]    85 |     RCLCPP_INFO([01;31m[Kthis[m[K->get_logger(), "Êó†ÂéÜÂè≤ËÆ∞ÂΩï");
[1.321s]       |                 [01;31m[K^~~~[m[K
[1.322s] [01m[K/home/rmcolin/ros2_ws/src/calculator_2/src/calculator_subscriber.cpp:85:17:[m[K [01;31m[Kerror: [m[Kinvalid use of ‚Äò[01m[Kthis[m[K‚Äô in non-member function
[1.322s] [01m[K/home/rmcolin/ros2_ws/src/calculator_2/src/calculator_subscriber.cpp:85:5:[m[K [01;31m[Kerror: [m[Ktemplate argument 1 is invalid
[1.322s]    85 |     [01;31m[KRCLCPP_INFO[m[K(this->get_logger(), "Êó†ÂéÜÂè≤ËÆ∞ÂΩï");
[1.322s]       |     [01;31m[K^~~~~~~~~~~[m[K
[1.322s] [01m[K/home/rmcolin/ros2_ws/src/calculator_2/src/calculator_subscriber.cpp:85:5:[m[K [01;31m[Kerror: [m[Ktemplate argument 1 is invalid
[1.322s]    85 |     [01;31m[KRCLCPP_INFO[m[K(this->get_logger(), "Êó†ÂéÜÂè≤ËÆ∞ÂΩï");
[1.322s]       |     [01;31m[K^~~~~~~~~~~[m[K
[1.322s] [01m[K/home/rmcolin/ros2_ws/src/calculator_2/src/calculator_subscriber.cpp:85:5:[m[K [01;31m[Kerror: [m[Ktemplate argument 1 is invalid
[1.322s]    85 |     [01;31m[KRCLCPP_INFO[m[K(this->get_logger(), "Êó†ÂéÜÂè≤ËÆ∞ÂΩï");
[1.322s]       |     [01;31m[K^~~~~~~~~~~[m[K
[1.322s] [01m[K/home/rmcolin/ros2_ws/src/calculator_2/src/calculator_subscriber.cpp:85:17:[m[K [01;31m[Kerror: [m[Kinvalid use of ‚Äò[01m[Kthis[m[K‚Äô in non-member function
[1.322s]    85 |     RCLCPP_INFO([01;31m[Kthis[m[K->get_logger(), "Êó†ÂéÜÂè≤ËÆ∞ÂΩï");
[1.322s]       |                 [01;31m[K^~~~[m[K
[1.322s] [01m[K/home/rmcolin/ros2_ws/src/calculator_2/src/calculator_subscriber.cpp:85:17:[m[K [01;31m[Kerror: [m[Kinvalid use of ‚Äò[01m[Kthis[m[K‚Äô in non-member function
[1.322s]    85 |     RCLCPP_INFO([01;31m[Kthis[m[K->get_logger(), "Êó†ÂéÜÂè≤ËÆ∞ÂΩï");
[1.322s]       |                 [01;31m[K^~~~[m[K
[1.324s] [01m[K/home/rmcolin/ros2_ws/src/calculator_2/src/calculator_subscriber.cpp:87:26:[m[K [01;31m[Kerror: [m[K‚Äò[01m[Khistory_[m[K‚Äô was not declared in this scope
[1.324s]    87 |   for (const auto &res : [01;31m[Khistory_[m[K)
[1.324s]       |                          [01;31m[K^~~~~~~~[m[K
[1.324s] [01m[K/home/rmcolin/ros2_ws/src/calculator_2/src/calculator_subscriber.cpp:89:17:[m[K [01;31m[Kerror: [m[Kinvalid use of ‚Äò[01m[Kthis[m[K‚Äô in non-member function
[1.324s]    89 |     RCLCPP_INFO([01;31m[Kthis[m[K->get_logger(), "%.2f", res);
[1.324s]       |                 [01;31m[K^~~~[m[K
[1.325s] [01m[K/home/rmcolin/ros2_ws/src/calculator_2/src/calculator_subscriber.cpp:89:17:[m[K [01;31m[Kerror: [m[Kinvalid use of ‚Äò[01m[Kthis[m[K‚Äô in non-member function
[1.325s] [01m[K/home/rmcolin/ros2_ws/src/calculator_2/src/calculator_subscriber.cpp:89:5:[m[K [01;31m[Kerror: [m[Ktemplate argument 1 is invalid
[1.325s]    89 |     [01;31m[KRCLCPP_INFO[m[K(this->get_logger(), "%.2f", res);
[1.325s]       |     [01;31m[K^~~~~~~~~~~[m[K
[1.325s] [01m[K/home/rmcolin/ros2_ws/src/calculator_2/src/calculator_subscriber.cpp:89:5:[m[K [01;31m[Kerror: [m[Ktemplate argument 1 is invalid
[1.325s]    89 |     [01;31m[KRCLCPP_INFO[m[K(this->get_logger(), "%.2f", res);
[1.325s]       |     [01;31m[K^~~~~~~~~~~[m[K
[1.325s] [01m[K/home/rmcolin/ros2_ws/src/calculator_2/src/calculator_subscriber.cpp:89:5:[m[K [01;31m[Kerror: [m[Ktemplate argument 1 is invalid
[1.325s]    89 |     [01;31m[KRCLCPP_INFO[m[K(this->get_logger(), "%.2f", res);
[1.325s]       |     [01;31m[K^~~~~~~~~~~[m[K
[1.325s] [01m[K/home/rmcolin/ros2_ws/src/calculator_2/src/calculator_subscriber.cpp:89:17:[m[K [01;31m[Kerror: [m[Kinvalid use of ‚Äò[01m[Kthis[m[K‚Äô in non-member function
[1.325s]    89 |     RCLCPP_INFO([01;31m[Kthis[m[K->get_logger(), "%.2f", res);
[1.325s]       |                 [01;31m[K^~~~[m[K
[1.325s] [01m[K/home/rmcolin/ros2_ws/src/calculator_2/src/calculator_subscriber.cpp:89:17:[m[K [01;31m[Kerror: [m[Kinvalid use of ‚Äò[01m[Kthis[m[K‚Äô in non-member function
[1.325s]    89 |     RCLCPP_INFO([01;31m[Kthis[m[K->get_logger(), "%.2f", res);
[1.325s]       |                 [01;31m[K^~~~[m[K
[1.325s] [01m[K/home/rmcolin/ros2_ws/src/calculator_2/src/calculator_subscriber.cpp:[m[K At global scope:
[1.325s] [01m[K/home/rmcolin/ros2_ws/src/calculator_2/src/calculator_subscriber.cpp:93:6:[m[K [01;31m[Kerror: [m[K‚Äò[01m[KCalculatorSubscriber[m[K‚Äô has not been declared
[1.325s]    93 | void [01;31m[KCalculatorSubscriber[m[K::clear_history()
[1.325s]       |      [01;31m[K^~~~~~~~~~~~~~~~~~~~[m[K
[1.326s] [01m[K/home/rmcolin/ros2_ws/src/calculator_2/src/calculator_subscriber.cpp:[m[K In function ‚Äò[01m[Kvoid[01;32m[K clear_history[m[K()[m[K‚Äô:
[1.327s] [01m[K/home/rmcolin/ros2_ws/src/calculator_2/src/calculator_subscriber.cpp:95:3:[m[K [01;31m[Kerror: [m[K‚Äò[01m[Khistory_[m[K‚Äô was not declared in this scope
[1.327s]    95 |   [01;31m[Khistory_[m[K.clear();
[1.327s]       |   [01;31m[K^~~~~~~~[m[K
[1.327s] [01m[K/home/rmcolin/ros2_ws/src/calculator_2/src/calculator_subscriber.cpp:96:15:[m[K [01;31m[Kerror: [m[Kinvalid use of ‚Äò[01m[Kthis[m[K‚Äô in non-member function
[1.327s]    96 |   RCLCPP_INFO([01;31m[Kthis[m[K->get_logger(), "ÂéÜÂè≤ËÆ∞ÂΩïÂ∑≤Ê∏ÖÈô§");
[1.327s]       |               [01;31m[K^~~~[m[K
[1.327s] [01m[K/home/rmcolin/ros2_ws/src/calculator_2/src/calculator_subscriber.cpp:96:15:[m[K [01;31m[Kerror: [m[Kinvalid use of ‚Äò[01m[Kthis[m[K‚Äô in non-member function
[1.327s] [01m[K/home/rmcolin/ros2_ws/src/calculator_2/src/calculator_subscriber.cpp:96:3:[m[K [01;31m[Kerror: [m[Ktemplate argument 1 is invalid
[1.327s]    96 |   [01;31m[KRCLCPP_INFO[m[K(this->get_logger(), "ÂéÜÂè≤ËÆ∞ÂΩïÂ∑≤Ê∏ÖÈô§");
[1.327s]       |   [01;31m[K^~~~~~~~~~~[m[K
[1.327s] [01m[K/home/rmcolin/ros2_ws/src/calculator_2/src/calculator_subscriber.cpp:96:3:[m[K [01;31m[Kerror: [m[Ktemplate argument 1 is invalid
[1.327s]    96 |   [01;31m[KRCLCPP_INFO[m[K(this->get_logger(), "ÂéÜÂè≤ËÆ∞ÂΩïÂ∑≤Ê∏ÖÈô§");
[1.327s]       |   [01;31m[K^~~~~~~~~~~[m[K
[1.327s] [01m[K/home/rmcolin/ros2_ws/src/calculator_2/src/calculator_subscriber.cpp:96:3:[m[K [01;31m[Kerror: [m[Ktemplate argument 1 is invalid
[1.327s]    96 |   [01;31m[KRCLCPP_INFO[m[K(this->get_logger(), "ÂéÜÂè≤ËÆ∞ÂΩïÂ∑≤Ê∏ÖÈô§");
[1.327s]       |   [01;31m[K^~~~~~~~~~~[m[K
[1.327s] [01m[K/home/rmcolin/ros2_ws/src/calculator_2/src/calculator_subscriber.cpp:96:15:[m[K [01;31m[Kerror: [m[Kinvalid use of ‚Äò[01m[Kthis[m[K‚Äô in non-member function
[1.327s]    96 |   RCLCPP_INFO([01;31m[Kthis[m[K->get_logger(), "ÂéÜÂè≤ËÆ∞ÂΩïÂ∑≤Ê∏ÖÈô§");
[1.327s]       |               [01;31m[K^~~~[m[K
[1.327s] [01m[K/home/rmcolin/ros2_ws/src/calculator_2/src/calculator_subscriber.cpp:96:15:[m[K [01;31m[Kerror: [m[Kinvalid use of ‚Äò[01m[Kthis[m[K‚Äô in non-member function
[1.327s]    96 |   RCLCPP_INFO([01;31m[Kthis[m[K->get_logger(), "ÂéÜÂè≤ËÆ∞ÂΩïÂ∑≤Ê∏ÖÈô§");
[1.327s]       |               [01;31m[K^~~~[m[K
[1.330s] [01m[K/home/rmcolin/ros2_ws/src/calculator_2/src/calculator_subscriber.cpp:[m[K In function ‚Äò[01m[Kint[01;32m[K main[m[K(int, char**)[m[K‚Äô:
[1.330s] [01m[K/home/rmcolin/ros2_ws/src/calculator_2/src/calculator_subscriber.cpp:102:33:[m[K [01;31m[Kerror: [m[K‚Äò[01m[KCalculatorSubscriber[m[K‚Äô was not declared in this scope
[1.330s]   102 |   rclcpp::spin(std::make_shared<[01;31m[KCalculatorSubscriber[m[K>());
[1.331s]       |                                 [01;31m[K^~~~~~~~~~~~~~~~~~~~[m[K
[1.331s] [01m[K/home/rmcolin/ros2_ws/src/calculator_2/src/calculator_subscriber.cpp:102:54:[m[K [01;31m[Kerror: [m[Kno matching function for call to ‚Äò[01m[Kmake_shared<<expression error> >()[m[K‚Äô
[1.331s]   102 |   rclcpp::spin([01;31m[Kstd::make_shared<CalculatorSubscriber>()[m[K);
[1.331s]       |                [01;31m[K~~~~~~~~~~~~~~~~~~~~~~~~~~~~~~~~~~~~~~^~[m[K
[1.332s] In file included from [01m[K/usr/include/c++/13/memory:80[m[K,
[1.332s]                  from [01m[K/opt/ros/jazzy/include/rclcpp/rclcpp/rclcpp.hpp:169[m[K:
[1.332s] [01m[K/usr/include/c++/13/bits/shared_ptr.h:1005:5:[m[K [01;36m[Knote: [m[Kcandidate: ‚Äò[01m[Ktemplate<class _Tp, class ... _Args> std::shared_ptr<typename std::enable_if<(! std::is_array< <template-parameter-1-1> >::value), _Tp>::type> std::[01;32m[Kmake_shared[m[K(_Args&& ...)[m[K‚Äô
[1.332s]  1005 |     [01;36m[Kmake_shared[m[K(_Args&&... __args)
[1.332s]       |     [01;36m[K^~~~~~~~~~~[m[K
[1.332s] [01m[K/usr/include/c++/13/bits/shared_ptr.h:1005:5:[m[K [01;36m[Knote: [m[K  template argument deduction/substitution failed:
[1.332s] [01m[K/home/rmcolin/ros2_ws/src/calculator_2/src/calculator_subscriber.cpp:102:54:[m[K [01;31m[Kerror: [m[Ktemplate argument 1 is invalid
[1.332s]   102 |   rclcpp::spin([01;31m[Kstd::make_shared<CalculatorSubscriber>()[m[K);
[1.332s]       |                [01;31m[K~~~~~~~~~~~~~~~~~~~~~~~~~~~~~~~~~~~~~~^~[m[K
[1.644s] gmake[2]: *** [CMakeFiles/calculator_subscriber.dir/build.make:76: CMakeFiles/calculator_subscriber.dir/src/calculator_subscriber.cpp.o] Error 1
[1.644s] gmake[1]: *** [CMakeFiles/Makefile2:165: CMakeFiles/calculator_subscriber.dir/all] Error 2
[1.644s] gmake: *** [Makefile:146: all] Error 2
[1.645s] Invoked command in '/home/rmcolin/ros2_ws/src/calculator_2/build/calculator_2' returned '2': CMAKE_PREFIX_PATH=${CMAKE_PREFIX_PATH}:/opt/ros/jazzy DEBUGINFOD_URLS=https://debuginfod.ubuntu.com /usr/bin/cmake --build /home/rmcolin/ros2_ws/src/calculator_2/build/calculator_2 -- -j24 -l24
