[01m[K/home/rmcolin/ros2_ws/src/calculator_2/src/calculator_publisher.cpp:[m[K In member function â€˜[01m[Kvoid CalculatorPublisher::[01;32m[Krun[m[K()[m[Kâ€™:
[01m[K/home/rmcolin/ros2_ws/src/calculator_2/src/calculator_publisher.cpp:47:13:[m[K [01;31m[Kerror: [m[Kâ€˜[01m[Kspin_once[m[Kâ€™ is not a member of â€˜[01m[Krclcpp[m[Kâ€™; did you mean â€˜[01m[Kspin_some[m[Kâ€™?
   47 |     rclcpp::[01;31m[Kspin_once[m[K(shared_from_this(), std::chrono::milliseconds(100));  // ç»§ç»­å¤„ç†ROSçš„æ¶ˆæ¯
      |             [01;31m[K^~~~~~~~~[m[K
      |             [32m[Kspin_some[m[K
gmake[2]: *** [CMakeFiles/calculator_publisher.dir/build.make:76: CMakeFiles/calculator_publisher.dir/src/calculator_publisher.cpp.o] Error 1
gmake[1]: *** [CMakeFiles/Makefile2:139: CMakeFiles/calculator_publisher.dir/all] Error 2
gmake[1]: *** Waiting for unfinished jobs....
gmake: *** [Makefile:146: all] Error 2
