[ 50%] [32mBuilding CXX object CMakeFiles/calculator_publisher.dir/src/calculator_publisher.cpp.o[0m
[ 50%] [32mBuilding CXX object CMakeFiles/calculator_subscriber.dir/src/calculator_subscriber.cpp.o[0m
[01m[K/home/rmcolin/ros2_ws/src/calculator_2/src/calculator_publisher.cpp:[m[K In member function ‚Äò[01m[Kvoid CalculatorPublisher::[01;32m[Krun[m[K()[m[K‚Äô:
[01m[K/home/rmcolin/ros2_ws/src/calculator_2/src/calculator_publisher.cpp:47:13:[m[K [01;31m[Kerror: [m[K‚Äò[01m[Kspin_once[m[K‚Äô is not a member of ‚Äò[01m[Krclcpp[m[K‚Äô; did you mean ‚Äò[01m[Kspin_some[m[K‚Äô?
   47 |     rclcpp::[01;31m[Kspin_once[m[K(shared_from_this(), std::chrono::milliseconds(100));  // ÁªßÁª≠Â§ÑÁêÜROSÁöÑÊ∂àÊÅØ
      |             [01;31m[K^~~~~~~~~[m[K
      |             [32m[Kspin_some[m[K
gmake[2]: *** [CMakeFiles/calculator_publisher.dir/build.make:76: CMakeFiles/calculator_publisher.dir/src/calculator_publisher.cpp.o] Error 1
gmake[1]: *** [CMakeFiles/Makefile2:139: CMakeFiles/calculator_publisher.dir/all] Error 2
gmake[1]: *** Waiting for unfinished jobs....
[ 75%] [32m[1mLinking CXX executable calculator_subscriber[0m
[ 75%] Built target calculator_subscriber
gmake: *** [Makefile:146: all] Error 2
