[0.005s] Invoking command in '/home/rmcolin/ros2_ws/src/calculator_2/build/calculator_2': CMAKE_PREFIX_PATH=${CMAKE_PREFIX_PATH}:/opt/ros/jazzy DEBUGINFOD_URLS=https://debuginfod.ubuntu.com /usr/bin/cmake --build /home/rmcolin/ros2_ws/src/calculator_2/build/calculator_2 -- -j24 -l24
[0.029s] [ 25%] [32mBuilding CXX object CMakeFiles/calculator_publisher.dir/src/calculator_publisher.cpp.o[0m
[0.031s] [ 50%] [32mBuilding CXX object CMakeFiles/calculator_subscriber.dir/src/calculator_subscriber.cpp.o[0m
[1.129s] In file included from [01m[K/home/rmcolin/ros2_ws/src/calculator_2/src/calculator_subscriber.cpp:1[m[K:
[1.129s] [01m[K/home/rmcolin/ros2_ws/src/calculator_2/src/calculator_subscriber.hpp:11:1:[m[K [01;31m[Kerror: [m[K‚Äò[01m[Kco[m[K‚Äô does not name a type
[1.129s]    11 | [01;31m[Kco[m[K
[1.129s]       | [01;31m[K^~[m[K
[1.130s] [01m[K/home/rmcolin/ros2_ws/src/calculator_2/src/calculator_subscriber.cpp:3:1:[m[K [01;31m[Kerror: [m[K‚Äò[01m[KCalculatorSubscriber[m[K‚Äô does not name a type
[1.130s]     3 | [01;31m[KCalculatorSubscriber[m[K::CalculatorSubscriber() : Node("calculator_subscriber")
[1.130s]       | [01;31m[K^~~~~~~~~~~~~~~~~~~~[m[K
[1.130s] [01m[K/home/rmcolin/ros2_ws/src/calculator_2/src/calculator_subscriber.cpp:17:6:[m[K [01;31m[Kerror: [m[K‚Äò[01m[KCalculatorSubscriber[m[K‚Äô has not been declared
[1.130s]    17 | void [01;31m[KCalculatorSubscriber[m[K::num1_callback(const std_msgs::msg::Float64::SharedPtr msg)
[1.131s]       |      [01;31m[K^~~~~~~~~~~~~~~~~~~~[m[K
[1.137s] [01m[K/home/rmcolin/ros2_ws/src/calculator_2/src/calculator_subscriber.cpp:[m[K In function ‚Äò[01m[Kvoid[01;32m[K num1_callback[m[K(std_msgs::msg::Float64_<std::allocator<void> >::SharedPtr)[m[K‚Äô:
[1.137s] [01m[K/home/rmcolin/ros2_ws/src/calculator_2/src/calculator_subscriber.cpp:19:3:[m[K [01;31m[Kerror: [m[K‚Äò[01m[Knum1_[m[K‚Äô was not declared in this scope
[1.137s]    19 |   [01;31m[Knum1_[m[K = msg->data;
[1.137s]       |   [01;31m[K^~~~~[m[K
[1.137s] [01m[K/home/rmcolin/ros2_ws/src/calculator_2/src/calculator_subscriber.cpp:[m[K At global scope:
[1.137s] [01m[K/home/rmcolin/ros2_ws/src/calculator_2/src/calculator_subscriber.cpp:22:6:[m[K [01;31m[Kerror: [m[K‚Äò[01m[KCalculatorSubscriber[m[K‚Äô has not been declared
[1.137s]    22 | void [01;31m[KCalculatorSubscriber[m[K::num2_callback(const std_msgs::msg::Float64::SharedPtr msg)
[1.137s]       |      [01;31m[K^~~~~~~~~~~~~~~~~~~~[m[K
[1.139s] [01m[K/home/rmcolin/ros2_ws/src/calculator_2/src/calculator_subscriber.cpp:[m[K In function ‚Äò[01m[Kvoid[01;32m[K num2_callback[m[K(std_msgs::msg::Float64_<std::allocator<void> >::SharedPtr)[m[K‚Äô:
[1.139s] [01m[K/home/rmcolin/ros2_ws/src/calculator_2/src/calculator_subscriber.cpp:24:3:[m[K [01;31m[Kerror: [m[K‚Äò[01m[Knum2_[m[K‚Äô was not declared in this scope
[1.139s]    24 |   [01;31m[Knum2_[m[K = msg->data;
[1.139s]       |   [01;31m[K^~~~~[m[K
[1.139s] [01m[K/home/rmcolin/ros2_ws/src/calculator_2/src/calculator_subscriber.cpp:[m[K At global scope:
[1.139s] [01m[K/home/rmcolin/ros2_ws/src/calculator_2/src/calculator_subscriber.cpp:27:6:[m[K [01;31m[Kerror: [m[K‚Äò[01m[KCalculatorSubscriber[m[K‚Äô has not been declared
[1.139s]    27 | void [01;31m[KCalculatorSubscriber[m[K::operation_callback(const std_msgs::msg::String::SharedPtr msg)
[1.139s]       |      [01;31m[K^~~~~~~~~~~~~~~~~~~~[m[K
[1.142s] [01m[K/home/rmcolin/ros2_ws/src/calculator_2/src/calculator_subscriber.cpp:[m[K In function ‚Äò[01m[Kvoid[01;32m[K operation_callback[m[K(std_msgs::msg::String_<std::allocator<void> >::SharedPtr)[m[K‚Äô:
[1.142s] [01m[K/home/rmcolin/ros2_ws/src/calculator_2/src/calculator_subscriber.cpp:29:3:[m[K [01;31m[Kerror: [m[K‚Äò[01m[Koperation_[m[K‚Äô was not declared in this scope; did you mean ‚Äò[01m[Koperator![m[K‚Äô?
[1.142s]    29 |   [01;31m[Koperation_[m[K = msg->data;
[1.142s]       |   [01;31m[K^~~~~~~~~~[m[K
[1.142s]       |   [32m[Koperator![m[K
[1.142s] [01m[K/home/rmcolin/ros2_ws/src/calculator_2/src/calculator_subscriber.cpp:[m[K At global scope:
[1.142s] [01m[K/home/rmcolin/ros2_ws/src/calculator_2/src/calculator_subscriber.cpp:32:6:[m[K [01;31m[Kerror: [m[K‚Äò[01m[KCalculatorSubscriber[m[K‚Äô has not been declared
[1.142s]    32 | void [01;31m[KCalculatorSubscriber[m[K::command_callback(const std_msgs::msg::Int32::SharedPtr msg)
[1.142s]       |      [01;31m[K^~~~~~~~~~~~~~~~~~~~[m[K
[1.143s] In file included from [01m[K/opt/ros/jazzy/include/rclcpp/rclcpp/copy_all_parameter_values.hpp:27[m[K,
[1.143s]                  from [01m[K/opt/ros/jazzy/include/rclcpp/rclcpp/rclcpp.hpp:171[m[K,
[1.143s]                  from [01m[K/home/rmcolin/ros2_ws/src/calculator_2/src/calculator_subscriber.hpp:4[m[K:
[1.143s] [01m[K/home/rmcolin/ros2_ws/src/calculator_2/src/calculator_subscriber.cpp:[m[K In function ‚Äò[01m[Kvoid[01;32m[K command_callback[m[K(std_msgs::msg::Int32_<std::allocator<void> >::SharedPtr)[m[K‚Äô:
[1.143s] [01m[K/home/rmcolin/ros2_ws/src/calculator_2/src/calculator_subscriber.cpp:35:15:[m[K [01;31m[Kerror: [m[Kinvalid use of ‚Äò[01m[Kthis[m[K‚Äô in non-member function
[1.143s]    35 |   RCLCPP_INFO([01;31m[Kthis[m[K->get_logger(), "Êî∂Âà∞ÂëΩ‰ª§: %d", command); // Ê∑ªÂä†Êó•Âøó
[1.143s]       |               [01;31m[K^~~~[m[K
[1.143s] [01m[K/home/rmcolin/ros2_ws/src/calculator_2/src/calculator_subscriber.cpp:35:15:[m[K [01;31m[Kerror: [m[Kinvalid use of ‚Äò[01m[Kthis[m[K‚Äô in non-member function
[1.143s] [01m[K/home/rmcolin/ros2_ws/src/calculator_2/src/calculator_subscriber.cpp:35:3:[m[K [01;31m[Kerror: [m[Ktemplate argument 1 is invalid
[1.143s]    35 |   [01;31m[KRCLCPP_INFO[m[K(this->get_logger(), "Êî∂Âà∞ÂëΩ‰ª§: %d", command); // Ê∑ªÂä†Êó•Âøó
[1.143s]       |   [01;31m[K^~~~~~~~~~~[m[K
[1.143s] [01m[K/home/rmcolin/ros2_ws/src/calculator_2/src/calculator_subscriber.cpp:35:3:[m[K [01;31m[Kerror: [m[Ktemplate argument 1 is invalid
[1.143s]    35 |   [01;31m[KRCLCPP_INFO[m[K(this->get_logger(), "Êî∂Âà∞ÂëΩ‰ª§: %d", command); // Ê∑ªÂä†Êó•Âøó
[1.143s]       |   [01;31m[K^~~~~~~~~~~[m[K
[1.144s] [01m[K/home/rmcolin/ros2_ws/src/calculator_2/src/calculator_subscriber.cpp:35:3:[m[K [01;31m[Kerror: [m[Ktemplate argument 1 is invalid
[1.144s]    35 |   [01;31m[KRCLCPP_INFO[m[K(this->get_logger(), "Êî∂Âà∞ÂëΩ‰ª§: %d", command); // Ê∑ªÂä†Êó•Âøó
[1.144s]       |   [01;31m[K^~~~~~~~~~~[m[K
[1.144s] In file included from [01m[K/opt/ros/jazzy/include/rclcpp/rclcpp/logging.hpp:24[m[K:
[1.144s] [01m[K/home/rmcolin/ros2_ws/src/calculator_2/src/calculator_subscriber.cpp:35:15:[m[K [01;31m[Kerror: [m[Kinvalid use of ‚Äò[01m[Kthis[m[K‚Äô in non-member function
[1.144s]    35 |   RCLCPP_INFO([01;31m[Kthis[m[K->get_logger(), "Êî∂Âà∞ÂëΩ‰ª§: %d", command); // Ê∑ªÂä†Êó•Âøó
[1.144s]       |               [01;31m[K^~~~[m[K
[1.144s] [01m[K/home/rmcolin/ros2_ws/src/calculator_2/src/calculator_subscriber.cpp:35:15:[m[K [01;31m[Kerror: [m[Kinvalid use of ‚Äò[01m[Kthis[m[K‚Äô in non-member function
[1.144s]    35 |   RCLCPP_INFO([01;31m[Kthis[m[K->get_logger(), "Êî∂Âà∞ÂëΩ‰ª§: %d", command); // Ê∑ªÂä†Êó•Âøó
[1.144s]       |               [01;31m[K^~~~[m[K
[1.145s] [01m[K/home/rmcolin/ros2_ws/src/calculator_2/src/calculator_subscriber.cpp:37:23:[m[K [01;31m[Kerror: [m[K‚Äò[01m[Knum1_[m[K‚Äô was not declared in this scope
[1.145s]    37 |   if (command == 1 && [01;31m[Knum1_[m[K && num2_ && !operation_.empty())
[1.145s]       |                       [01;31m[K^~~~~[m[K
[1.147s] [01m[K/home/rmcolin/ros2_ws/src/calculator_2/src/calculator_subscriber.cpp:37:32:[m[K [01;31m[Kerror: [m[K‚Äò[01m[Knum2_[m[K‚Äô was not declared in this scope
[1.147s]    37 |   if (command == 1 && num1_ && [01;31m[Knum2_[m[K && !operation_.empty())
[1.147s]       |                                [01;31m[K^~~~~[m[K
[1.149s] [01m[K/home/rmcolin/ros2_ws/src/calculator_2/src/calculator_subscriber.cpp:37:42:[m[K [01;31m[Kerror: [m[K‚Äò[01m[Koperation_[m[K‚Äô was not declared in this scope; did you mean ‚Äò[01m[Koperator![m[K‚Äô?
[1.149s]    37 |   if (command == 1 && num1_ && num2_ && ![01;31m[Koperation_[m[K.empty())
[1.149s]       |                                          [01;31m[K^~~~~~~~~~[m[K
[1.149s]       |                                          [32m[Koperator![m[K
[1.153s] [01m[K/home/rmcolin/ros2_ws/src/calculator_2/src/calculator_subscriber.cpp:39:21:[m[K [01;31m[Kerror: [m[K‚Äò[01m[Kperform_calculation[m[K‚Äô was not declared in this scope
[1.153s]    39 |     double result = [01;31m[Kperform_calculation[m[K(*num1_, *num2_, operation_);
[1.153s]       |                     [01;31m[K^~~~~~~~~~~~~~~~~~~[m[K
[1.156s] [01m[K/home/rmcolin/ros2_ws/src/calculator_2/src/calculator_subscriber.cpp:40:5:[m[K [01;31m[Kerror: [m[K‚Äò[01m[Ksave_history[m[K‚Äô was not declared in this scope
[1.156s]    40 |     [01;31m[Ksave_history[m[K(result);
[1.156s]       |     [01;31m[K^~~~~~~~~~~~[m[K
[1.156s] [01m[K/home/rmcolin/ros2_ws/src/calculator_2/src/calculator_subscriber.cpp:41:17:[m[K [01;31m[Kerror: [m[Kinvalid use of ‚Äò[01m[Kthis[m[K‚Äô in non-member function
[1.156s]    41 |     RCLCPP_INFO([01;31m[Kthis[m[K->get_logger(), "ËøêÁÆóÁªìÊûú: %.2f", result);
[1.156s]       |                 [01;31m[K^~~~[m[K
[1.156s] [01m[K/home/rmcolin/ros2_ws/src/calculator_2/src/calculator_subscriber.cpp:41:17:[m[K [01;31m[Kerror: [m[Kinvalid use of ‚Äò[01m[Kthis[m[K‚Äô in non-member function
[1.156s] [01m[K/home/rmcolin/ros2_ws/src/calculator_2/src/calculator_subscriber.cpp:41:5:[m[K [01;31m[Kerror: [m[Ktemplate argument 1 is invalid
[1.156s]    41 |     [01;31m[KRCLCPP_INFO[m[K(this->get_logger(), "ËøêÁÆóÁªìÊûú: %.2f", result);
[1.156s]       |     [01;31m[K^~~~~~~~~~~[m[K
[1.156s] [01m[K/home/rmcolin/ros2_ws/src/calculator_2/src/calculator_subscriber.cpp:41:5:[m[K [01;31m[Kerror: [m[Ktemplate argument 1 is invalid
[1.156s]    41 |     [01;31m[KRCLCPP_INFO[m[K(this->get_logger(), "ËøêÁÆóÁªìÊûú: %.2f", result);
[1.156s]       |     [01;31m[K^~~~~~~~~~~[m[K
[1.156s] [01m[K/home/rmcolin/ros2_ws/src/calculator_2/src/calculator_subscriber.cpp:41:5:[m[K [01;31m[Kerror: [m[Ktemplate argument 1 is invalid
[1.156s]    41 |     [01;31m[KRCLCPP_INFO[m[K(this->get_logger(), "ËøêÁÆóÁªìÊûú: %.2f", result);
[1.156s]       |     [01;31m[K^~~~~~~~~~~[m[K
[1.156s] [01m[K/home/rmcolin/ros2_ws/src/calculator_2/src/calculator_subscriber.cpp:41:17:[m[K [01;31m[Kerror: [m[Kinvalid use of ‚Äò[01m[Kthis[m[K‚Äô in non-member function
[1.156s]    41 |     RCLCPP_INFO([01;31m[Kthis[m[K->get_logger(), "ËøêÁÆóÁªìÊûú: %.2f", result);
[1.156s]       |                 [01;31m[K^~~~[m[K
[1.156s] [01m[K/home/rmcolin/ros2_ws/src/calculator_2/src/calculator_subscriber.cpp:41:17:[m[K [01;31m[Kerror: [m[Kinvalid use of ‚Äò[01m[Kthis[m[K‚Äô in non-member function
[1.156s]    41 |     RCLCPP_INFO([01;31m[Kthis[m[K->get_logger(), "ËøêÁÆóÁªìÊûú: %.2f", result);
[1.156s]       |                 [01;31m[K^~~~[m[K
[1.159s] [01m[K/home/rmcolin/ros2_ws/src/calculator_2/src/calculator_subscriber.cpp:45:5:[m[K [01;31m[Kerror: [m[K‚Äò[01m[Kdisplay_history[m[K‚Äô was not declared in this scope
[1.159s]    45 |     [01;31m[Kdisplay_history[m[K();
[1.159s]       |     [01;31m[K^~~~~~~~~~~~~~~[m[K
[1.162s] [01m[K/home/rmcolin/ros2_ws/src/calculator_2/src/calculator_subscriber.cpp:49:5:[m[K [01;31m[Kerror: [m[K‚Äò[01m[Kclear_history[m[K‚Äô was not declared in this scope
[1.162s]    49 |     [01;31m[Kclear_history[m[K();
[1.162s]       |     [01;31m[K^~~~~~~~~~~~~[m[K
[1.162s] [01m[K/home/rmcolin/ros2_ws/src/calculator_2/src/calculator_subscriber.cpp:53:17:[m[K [01;31m[Kerror: [m[Kinvalid use of ‚Äò[01m[Kthis[m[K‚Äô in non-member function
[1.162s]    53 |     RCLCPP_WARN([01;31m[Kthis[m[K->get_logger(), "Êó†ÊïàÊåá‰ª§");
[1.162s]       |                 [01;31m[K^~~~[m[K
[1.162s] [01m[K/home/rmcolin/ros2_ws/src/calculator_2/src/calculator_subscriber.cpp:53:17:[m[K [01;31m[Kerror: [m[Kinvalid use of ‚Äò[01m[Kthis[m[K‚Äô in non-member function
[1.162s] [01m[K/home/rmcolin/ros2_ws/src/calculator_2/src/calculator_subscriber.cpp:53:5:[m[K [01;31m[Kerror: [m[Ktemplate argument 1 is invalid
[1.162s]    53 |     [01;31m[KRCLCPP_WARN[m[K(this->get_logger(), "Êó†ÊïàÊåá‰ª§");
[1.162s]       |     [01;31m[K^~~~~~~~~~~[m[K
[1.162s] [01m[K/home/rmcolin/ros2_ws/src/calculator_2/src/calculator_subscriber.cpp:53:5:[m[K [01;31m[Kerror: [m[Ktemplate argument 1 is invalid
[1.162s]    53 |     [01;31m[KRCLCPP_WARN[m[K(this->get_logger(), "Êó†ÊïàÊåá‰ª§");
[1.162s]       |     [01;31m[K^~~~~~~~~~~[m[K
[1.162s] [01m[K/home/rmcolin/ros2_ws/src/calculator_2/src/calculator_subscriber.cpp:53:5:[m[K [01;31m[Kerror: [m[Ktemplate argument 1 is invalid
[1.162s]    53 |     [01;31m[KRCLCPP_WARN[m[K(this->get_logger(), "Êó†ÊïàÊåá‰ª§");
[1.162s]       |     [01;31m[K^~~~~~~~~~~[m[K
[1.162s] [01m[K/home/rmcolin/ros2_ws/src/calculator_2/src/calculator_subscriber.cpp:53:17:[m[K [01;31m[Kerror: [m[Kinvalid use of ‚Äò[01m[Kthis[m[K‚Äô in non-member function
[1.162s]    53 |     RCLCPP_WARN([01;31m[Kthis[m[K->get_logger(), "Êó†ÊïàÊåá‰ª§");
[1.162s]       |                 [01;31m[K^~~~[m[K
[1.162s] [01m[K/home/rmcolin/ros2_ws/src/calculator_2/src/calculator_subscriber.cpp:53:17:[m[K [01;31m[Kerror: [m[Kinvalid use of ‚Äò[01m[Kthis[m[K‚Äô in non-member function
[1.162s]    53 |     RCLCPP_WARN([01;31m[Kthis[m[K->get_logger(), "Êó†ÊïàÊåá‰ª§");
[1.163s]       |                 [01;31m[K^~~~[m[K
[1.163s] [01m[K/home/rmcolin/ros2_ws/src/calculator_2/src/calculator_subscriber.cpp:[m[K At global scope:
[1.163s] [01m[K/home/rmcolin/ros2_ws/src/calculator_2/src/calculator_subscriber.cpp:57:8:[m[K [01;31m[Kerror: [m[K‚Äò[01m[KCalculatorSubscriber[m[K‚Äô has not been declared
[1.163s]    57 | double [01;31m[KCalculatorSubscriber[m[K::perform_calculation(double num1, double num2, const std::string &operation)
[1.163s]       |        [01;31m[K^~~~~~~~~~~~~~~~~~~~[m[K
[1.163s] [01m[K/home/rmcolin/ros2_ws/src/calculator_2/src/calculator_subscriber.cpp:71:6:[m[K [01;31m[Kerror: [m[K‚Äò[01m[KCalculatorSubscriber[m[K‚Äô has not been declared
[1.163s]    71 | void [01;31m[KCalculatorSubscriber[m[K::save_history(double result)
[1.163s]       |      [01;31m[K^~~~~~~~~~~~~~~~~~~~[m[K
[1.165s] [01m[K/home/rmcolin/ros2_ws/src/calculator_2/src/calculator_subscriber.cpp:[m[K In function ‚Äò[01m[Kvoid[01;32m[K save_history[m[K(double)[m[K‚Äô:
[1.165s] [01m[K/home/rmcolin/ros2_ws/src/calculator_2/src/calculator_subscriber.cpp:73:7:[m[K [01;31m[Kerror: [m[K‚Äò[01m[Khistory_[m[K‚Äô was not declared in this scope
[1.165s]    73 |   if ([01;31m[Khistory_[m[K.size() >= 5)
[1.165s]       |       [01;31m[K^~~~~~~~[m[K
[1.167s] [01m[K/home/rmcolin/ros2_ws/src/calculator_2/src/calculator_subscriber.cpp:77:3:[m[K [01;31m[Kerror: [m[K‚Äò[01m[Khistory_[m[K‚Äô was not declared in this scope
[1.167s]    77 |   [01;31m[Khistory_[m[K.push_back(result);
[1.167s]       |   [01;31m[K^~~~~~~~[m[K
[1.167s] [01m[K/home/rmcolin/ros2_ws/src/calculator_2/src/calculator_subscriber.cpp:[m[K At global scope:
[1.167s] [01m[K/home/rmcolin/ros2_ws/src/calculator_2/src/calculator_subscriber.cpp:80:6:[m[K [01;31m[Kerror: [m[K‚Äò[01m[KCalculatorSubscriber[m[K‚Äô has not been declared
[1.167s]    80 | void [01;31m[KCalculatorSubscriber[m[K::display_history()
[1.167s]       |      [01;31m[K^~~~~~~~~~~~~~~~~~~~[m[K
[1.167s] [01m[K/home/rmcolin/ros2_ws/src/calculator_2/src/calculator_subscriber.cpp:[m[K In function ‚Äò[01m[Kvoid[01;32m[K display_history[m[K()[m[K‚Äô:
[1.167s] [01m[K/home/rmcolin/ros2_ws/src/calculator_2/src/calculator_subscriber.cpp:82:15:[m[K [01;31m[Kerror: [m[Kinvalid use of ‚Äò[01m[Kthis[m[K‚Äô in non-member function
[1.167s]    82 |   RCLCPP_INFO([01;31m[Kthis[m[K->get_logger(), "ÂéÜÂè≤ËÆ∞ÂΩï:");
[1.167s]       |               [01;31m[K^~~~[m[K
[1.167s] [01m[K/home/rmcolin/ros2_ws/src/calculator_2/src/calculator_subscriber.cpp:82:15:[m[K [01;31m[Kerror: [m[Kinvalid use of ‚Äò[01m[Kthis[m[K‚Äô in non-member function
[1.167s] [01m[K/home/rmcolin/ros2_ws/src/calculator_2/src/calculator_subscriber.cpp:82:3:[m[K [01;31m[Kerror: [m[Ktemplate argument 1 is invalid
[1.167s]    82 |   [01;31m[KRCLCPP_INFO[m[K(this->get_logger(), "ÂéÜÂè≤ËÆ∞ÂΩï:");
[1.167s]       |   [01;31m[K^~~~~~~~~~~[m[K
[1.167s] [01m[K/home/rmcolin/ros2_ws/src/calculator_2/src/calculator_subscriber.cpp:82:3:[m[K [01;31m[Kerror: [m[Ktemplate argument 1 is invalid
[1.167s]    82 |   [01;31m[KRCLCPP_INFO[m[K(this->get_logger(), "ÂéÜÂè≤ËÆ∞ÂΩï:");
[1.167s]       |   [01;31m[K^~~~~~~~~~~[m[K
[1.167s] [01m[K/home/rmcolin/ros2_ws/src/calculator_2/src/calculator_subscriber.cpp:82:3:[m[K [01;31m[Kerror: [m[Ktemplate argument 1 is invalid
[1.167s]    82 |   [01;31m[KRCLCPP_INFO[m[K(this->get_logger(), "ÂéÜÂè≤ËÆ∞ÂΩï:");
[1.167s]       |   [01;31m[K^~~~~~~~~~~[m[K
[1.167s] [01m[K/home/rmcolin/ros2_ws/src/calculator_2/src/calculator_subscriber.cpp:82:15:[m[K [01;31m[Kerror: [m[Kinvalid use of ‚Äò[01m[Kthis[m[K‚Äô in non-member function
[1.167s]    82 |   RCLCPP_INFO([01;31m[Kthis[m[K->get_logger(), "ÂéÜÂè≤ËÆ∞ÂΩï:");
[1.167s]       |               [01;31m[K^~~~[m[K
[1.167s] [01m[K/home/rmcolin/ros2_ws/src/calculator_2/src/calculator_subscriber.cpp:82:15:[m[K [01;31m[Kerror: [m[Kinvalid use of ‚Äò[01m[Kthis[m[K‚Äô in non-member function
[1.168s]    82 |   RCLCPP_INFO([01;31m[Kthis[m[K->get_logger(), "ÂéÜÂè≤ËÆ∞ÂΩï:");
[1.168s]       |               [01;31m[K^~~~[m[K
[1.169s] [01m[K/home/rmcolin/ros2_ws/src/calculator_2/src/calculator_subscriber.cpp:83:7:[m[K [01;31m[Kerror: [m[K‚Äò[01m[Khistory_[m[K‚Äô was not declared in this scope
[1.169s]    83 |   if ([01;31m[Khistory_[m[K.empty())
[1.169s]       |       [01;31m[K^~~~~~~~[m[K
[1.169s] [01m[K/home/rmcolin/ros2_ws/src/calculator_2/src/calculator_subscriber.cpp:85:17:[m[K [01;31m[Kerror: [m[Kinvalid use of ‚Äò[01m[Kthis[m[K‚Äô in non-member function
[1.169s]    85 |     RCLCPP_INFO([01;31m[Kthis[m[K->get_logger(), "Êó†ÂéÜÂè≤ËÆ∞ÂΩï");
[1.169s]       |                 [01;31m[K^~~~[m[K
[1.169s] [01m[K/home/rmcolin/ros2_ws/src/calculator_2/src/calculator_subscriber.cpp:85:17:[m[K [01;31m[Kerror: [m[Kinvalid use of ‚Äò[01m[Kthis[m[K‚Äô in non-member function
[1.170s] [01m[K/home/rmcolin/ros2_ws/src/calculator_2/src/calculator_subscriber.cpp:85:5:[m[K [01;31m[Kerror: [m[Ktemplate argument 1 is invalid
[1.170s]    85 |     [01;31m[KRCLCPP_INFO[m[K(this->get_logger(), "Êó†ÂéÜÂè≤ËÆ∞ÂΩï");
[1.170s]       |     [01;31m[K^~~~~~~~~~~[m[K
[1.170s] [01m[K/home/rmcolin/ros2_ws/src/calculator_2/src/calculator_subscriber.cpp:85:5:[m[K [01;31m[Kerror: [m[Ktemplate argument 1 is invalid
[1.170s]    85 |     [01;31m[KRCLCPP_INFO[m[K(this->get_logger(), "Êó†ÂéÜÂè≤ËÆ∞ÂΩï");
[1.170s]       |     [01;31m[K^~~~~~~~~~~[m[K
[1.170s] [01m[K/home/rmcolin/ros2_ws/src/calculator_2/src/calculator_subscriber.cpp:85:5:[m[K [01;31m[Kerror: [m[Ktemplate argument 1 is invalid
[1.170s]    85 |     [01;31m[KRCLCPP_INFO[m[K(this->get_logger(), "Êó†ÂéÜÂè≤ËÆ∞ÂΩï");
[1.170s]       |     [01;31m[K^~~~~~~~~~~[m[K
[1.170s] [01m[K/home/rmcolin/ros2_ws/src/calculator_2/src/calculator_subscriber.cpp:85:17:[m[K [01;31m[Kerror: [m[Kinvalid use of ‚Äò[01m[Kthis[m[K‚Äô in non-member function
[1.170s]    85 |     RCLCPP_INFO([01;31m[Kthis[m[K->get_logger(), "Êó†ÂéÜÂè≤ËÆ∞ÂΩï");
[1.170s]       |                 [01;31m[K^~~~[m[K
[1.170s] [01m[K/home/rmcolin/ros2_ws/src/calculator_2/src/calculator_subscriber.cpp:85:17:[m[K [01;31m[Kerror: [m[Kinvalid use of ‚Äò[01m[Kthis[m[K‚Äô in non-member function
[1.170s]    85 |     RCLCPP_INFO([01;31m[Kthis[m[K->get_logger(), "Êó†ÂéÜÂè≤ËÆ∞ÂΩï");
[1.170s]       |                 [01;31m[K^~~~[m[K
[1.172s] [01m[K/home/rmcolin/ros2_ws/src/calculator_2/src/calculator_subscriber.cpp:87:26:[m[K [01;31m[Kerror: [m[K‚Äò[01m[Khistory_[m[K‚Äô was not declared in this scope
[1.172s]    87 |   for (const auto &res : [01;31m[Khistory_[m[K)
[1.172s]       |                          [01;31m[K^~~~~~~~[m[K
[1.172s] [01m[K/home/rmcolin/ros2_ws/src/calculator_2/src/calculator_subscriber.cpp:89:17:[m[K [01;31m[Kerror: [m[Kinvalid use of ‚Äò[01m[Kthis[m[K‚Äô in non-member function
[1.172s]    89 |     RCLCPP_INFO([01;31m[Kthis[m[K->get_logger(), "%.2f", res);
[1.172s]       |                 [01;31m[K^~~~[m[K
[1.172s] [01m[K/home/rmcolin/ros2_ws/src/calculator_2/src/calculator_subscriber.cpp:89:17:[m[K [01;31m[Kerror: [m[Kinvalid use of ‚Äò[01m[Kthis[m[K‚Äô in non-member function
[1.172s] [01m[K/home/rmcolin/ros2_ws/src/calculator_2/src/calculator_subscriber.cpp:89:5:[m[K [01;31m[Kerror: [m[Ktemplate argument 1 is invalid
[1.172s]    89 |     [01;31m[KRCLCPP_INFO[m[K(this->get_logger(), "%.2f", res);
[1.172s]       |     [01;31m[K^~~~~~~~~~~[m[K
[1.172s] [01m[K/home/rmcolin/ros2_ws/src/calculator_2/src/calculator_subscriber.cpp:89:5:[m[K [01;31m[Kerror: [m[Ktemplate argument 1 is invalid
[1.172s]    89 |     [01;31m[KRCLCPP_INFO[m[K(this->get_logger(), "%.2f", res);
[1.172s]       |     [01;31m[K^~~~~~~~~~~[m[K
[1.172s] [01m[K/home/rmcolin/ros2_ws/src/calculator_2/src/calculator_subscriber.cpp:89:5:[m[K [01;31m[Kerror: [m[Ktemplate argument 1 is invalid
[1.172s]    89 |     [01;31m[KRCLCPP_INFO[m[K(this->get_logger(), "%.2f", res);
[1.172s]       |     [01;31m[K^~~~~~~~~~~[m[K
[1.172s] [01m[K/home/rmcolin/ros2_ws/src/calculator_2/src/calculator_subscriber.cpp:89:17:[m[K [01;31m[Kerror: [m[Kinvalid use of ‚Äò[01m[Kthis[m[K‚Äô in non-member function
[1.172s]    89 |     RCLCPP_INFO([01;31m[Kthis[m[K->get_logger(), "%.2f", res);
[1.172s]       |                 [01;31m[K^~~~[m[K
[1.172s] [01m[K/home/rmcolin/ros2_ws/src/calculator_2/src/calculator_subscriber.cpp:89:17:[m[K [01;31m[Kerror: [m[Kinvalid use of ‚Äò[01m[Kthis[m[K‚Äô in non-member function
[1.172s]    89 |     RCLCPP_INFO([01;31m[Kthis[m[K->get_logger(), "%.2f", res);
[1.172s]       |                 [01;31m[K^~~~[m[K
[1.172s] [01m[K/home/rmcolin/ros2_ws/src/calculator_2/src/calculator_subscriber.cpp:[m[K At global scope:
[1.173s] [01m[K/home/rmcolin/ros2_ws/src/calculator_2/src/calculator_subscriber.cpp:93:6:[m[K [01;31m[Kerror: [m[K‚Äò[01m[KCalculatorSubscriber[m[K‚Äô has not been declared
[1.173s]    93 | void [01;31m[KCalculatorSubscriber[m[K::clear_history()
[1.173s]       |      [01;31m[K^~~~~~~~~~~~~~~~~~~~[m[K
[1.174s] [01m[K/home/rmcolin/ros2_ws/src/calculator_2/src/calculator_subscriber.cpp:[m[K In function ‚Äò[01m[Kvoid[01;32m[K clear_history[m[K()[m[K‚Äô:
[1.174s] [01m[K/home/rmcolin/ros2_ws/src/calculator_2/src/calculator_subscriber.cpp:95:3:[m[K [01;31m[Kerror: [m[K‚Äò[01m[Khistory_[m[K‚Äô was not declared in this scope
[1.174s]    95 |   [01;31m[Khistory_[m[K.clear();
[1.174s]       |   [01;31m[K^~~~~~~~[m[K
[1.175s] [01m[K/home/rmcolin/ros2_ws/src/calculator_2/src/calculator_subscriber.cpp:96:15:[m[K [01;31m[Kerror: [m[Kinvalid use of ‚Äò[01m[Kthis[m[K‚Äô in non-member function
[1.175s]    96 |   RCLCPP_INFO([01;31m[Kthis[m[K->get_logger(), "ÂéÜÂè≤ËÆ∞ÂΩïÂ∑≤Ê∏ÖÈô§");
[1.175s]       |               [01;31m[K^~~~[m[K
[1.175s] [01m[K/home/rmcolin/ros2_ws/src/calculator_2/src/calculator_subscriber.cpp:96:15:[m[K [01;31m[Kerror: [m[Kinvalid use of ‚Äò[01m[Kthis[m[K‚Äô in non-member function
[1.175s] [01m[K/home/rmcolin/ros2_ws/src/calculator_2/src/calculator_subscriber.cpp:96:3:[m[K [01;31m[Kerror: [m[Ktemplate argument 1 is invalid
[1.175s]    96 |   [01;31m[KRCLCPP_INFO[m[K(this->get_logger(), "ÂéÜÂè≤ËÆ∞ÂΩïÂ∑≤Ê∏ÖÈô§");
[1.175s]       |   [01;31m[K^~~~~~~~~~~[m[K
[1.175s] [01m[K/home/rmcolin/ros2_ws/src/calculator_2/src/calculator_subscriber.cpp:96:3:[m[K [01;31m[Kerror: [m[Ktemplate argument 1 is invalid
[1.175s]    96 |   [01;31m[KRCLCPP_INFO[m[K(this->get_logger(), "ÂéÜÂè≤ËÆ∞ÂΩïÂ∑≤Ê∏ÖÈô§");
[1.175s]       |   [01;31m[K^~~~~~~~~~~[m[K
[1.175s] [01m[K/home/rmcolin/ros2_ws/src/calculator_2/src/calculator_subscriber.cpp:96:3:[m[K [01;31m[Kerror: [m[Ktemplate argument 1 is invalid
[1.175s]    96 |   [01;31m[KRCLCPP_INFO[m[K(this->get_logger(), "ÂéÜÂè≤ËÆ∞ÂΩïÂ∑≤Ê∏ÖÈô§");
[1.175s]       |   [01;31m[K^~~~~~~~~~~[m[K
[1.175s] [01m[K/home/rmcolin/ros2_ws/src/calculator_2/src/calculator_subscriber.cpp:96:15:[m[K [01;31m[Kerror: [m[Kinvalid use of ‚Äò[01m[Kthis[m[K‚Äô in non-member function
[1.175s]    96 |   RCLCPP_INFO([01;31m[Kthis[m[K->get_logger(), "ÂéÜÂè≤ËÆ∞ÂΩïÂ∑≤Ê∏ÖÈô§");
[1.175s]       |               [01;31m[K^~~~[m[K
[1.175s] [01m[K/home/rmcolin/ros2_ws/src/calculator_2/src/calculator_subscriber.cpp:96:15:[m[K [01;31m[Kerror: [m[Kinvalid use of ‚Äò[01m[Kthis[m[K‚Äô in non-member function
[1.175s]    96 |   RCLCPP_INFO([01;31m[Kthis[m[K->get_logger(), "ÂéÜÂè≤ËÆ∞ÂΩïÂ∑≤Ê∏ÖÈô§");
[1.175s]       |               [01;31m[K^~~~[m[K
[1.178s] [01m[K/home/rmcolin/ros2_ws/src/calculator_2/src/calculator_subscriber.cpp:[m[K In function ‚Äò[01m[Kint[01;32m[K main[m[K(int, char**)[m[K‚Äô:
[1.178s] [01m[K/home/rmcolin/ros2_ws/src/calculator_2/src/calculator_subscriber.cpp:102:33:[m[K [01;31m[Kerror: [m[K‚Äò[01m[KCalculatorSubscriber[m[K‚Äô was not declared in this scope
[1.178s]   102 |   rclcpp::spin(std::make_shared<[01;31m[KCalculatorSubscriber[m[K>());
[1.178s]       |                                 [01;31m[K^~~~~~~~~~~~~~~~~~~~[m[K
[1.178s] [01m[K/home/rmcolin/ros2_ws/src/calculator_2/src/calculator_subscriber.cpp:102:54:[m[K [01;31m[Kerror: [m[Kno matching function for call to ‚Äò[01m[Kmake_shared<<expression error> >()[m[K‚Äô
[1.178s]   102 |   rclcpp::spin([01;31m[Kstd::make_shared<CalculatorSubscriber>()[m[K);
[1.179s]       |                [01;31m[K~~~~~~~~~~~~~~~~~~~~~~~~~~~~~~~~~~~~~~^~[m[K
[1.179s] In file included from [01m[K/usr/include/c++/13/memory:80[m[K,
[1.179s]                  from [01m[K/opt/ros/jazzy/include/rclcpp/rclcpp/rclcpp.hpp:169[m[K:
[1.179s] [01m[K/usr/include/c++/13/bits/shared_ptr.h:1005:5:[m[K [01;36m[Knote: [m[Kcandidate: ‚Äò[01m[Ktemplate<class _Tp, class ... _Args> std::shared_ptr<typename std::enable_if<(! std::is_array< <template-parameter-1-1> >::value), _Tp>::type> std::[01;32m[Kmake_shared[m[K(_Args&& ...)[m[K‚Äô
[1.179s]  1005 |     [01;36m[Kmake_shared[m[K(_Args&&... __args)
[1.179s]       |     [01;36m[K^~~~~~~~~~~[m[K
[1.179s] [01m[K/usr/include/c++/13/bits/shared_ptr.h:1005:5:[m[K [01;36m[Knote: [m[K  template argument deduction/substitution failed:
[1.179s] [01m[K/home/rmcolin/ros2_ws/src/calculator_2/src/calculator_subscriber.cpp:102:54:[m[K [01;31m[Kerror: [m[Ktemplate argument 1 is invalid
[1.179s]   102 |   rclcpp::spin([01;31m[Kstd::make_shared<CalculatorSubscriber>()[m[K);
[1.179s]       |                [01;31m[K~~~~~~~~~~~~~~~~~~~~~~~~~~~~~~~~~~~~~~^~[m[K
[1.505s] gmake[2]: *** [CMakeFiles/calculator_subscriber.dir/build.make:76: CMakeFiles/calculator_subscriber.dir/src/calculator_subscriber.cpp.o] Error 1
[1.505s] gmake[1]: *** [CMakeFiles/Makefile2:165: CMakeFiles/calculator_subscriber.dir/all] Error 2
[1.505s] gmake[1]: *** Waiting for unfinished jobs....
[3.035s] [ 75%] [32m[1mLinking CXX executable calculator_publisher[0m
[3.285s] [ 75%] Built target calculator_publisher
[3.286s] gmake: *** [Makefile:146: all] Error 2
[3.287s] Invoked command in '/home/rmcolin/ros2_ws/src/calculator_2/build/calculator_2' returned '2': CMAKE_PREFIX_PATH=${CMAKE_PREFIX_PATH}:/opt/ros/jazzy DEBUGINFOD_URLS=https://debuginfod.ubuntu.com /usr/bin/cmake --build /home/rmcolin/ros2_ws/src/calculator_2/build/calculator_2 -- -j24 -l24
