[ 75%] Built target calculator_publisher
[ 75%] [32mBuilding CXX object CMakeFiles/calculator_subscriber.dir/src/calculator_subscriber.cpp.o[0m
[01m[K/home/rmcolin/ros2_ws/src/calculator_2/src/calculator_subscriber.cpp:[m[K In function â€˜[01m[Kint[01;32m[K main[m[K(int, char**)[m[Kâ€™:
[01m[K/home/rmcolin/ros2_ws/src/calculator_2/src/calculator_subscriber.cpp:110:13:[m[K [01;31m[Kerror: [m[Kâ€˜[01m[Kusing std::__shared_ptr_access<CalculatorSubscriber, __gnu_cxx::_S_atomic, false, false>::element_type = class CalculatorSubscriber[m[Kâ€™ {aka â€˜[01m[Kclass CalculatorSubscriber[m[Kâ€™} has no member named â€˜[01m[Kpublish_data[m[Kâ€™
  110 |       node->[01;31m[Kpublish_data[m[K(num1, num2, operation);
      |             [01;31m[K^~~~~~~~~~~~[m[K
[01m[K/home/rmcolin/ros2_ws/src/calculator_2/src/calculator_subscriber.cpp:114:13:[m[K [01;31m[Kerror: [m[Kâ€˜[01m[Kusing std::__shared_ptr_access<CalculatorSubscriber, __gnu_cxx::_S_atomic, false, false>::element_type = class CalculatorSubscriber[m[Kâ€™ {aka â€˜[01m[Kclass CalculatorSubscriber[m[Kâ€™} has no member named â€˜[01m[Kshow_history[m[Kâ€™; did you mean â€˜[01m[Ksave_history[m[Kâ€™?
  114 |       node->[01;31m[Kshow_history[m[K();
      |             [01;31m[K^~~~~~~~~~~~[m[K
      |             [32m[Ksave_history[m[K
[01m[K/home/rmcolin/ros2_ws/src/calculator_2/src/calculator_subscriber.cpp:118:26:[m[K [01;31m[Kerror: [m[Kâ€˜[01m[Kvoid CalculatorSubscriber::[01;32m[Kclear_history[m[K()[m[Kâ€™ is private within this context
  118 |       [01;31m[Knode->clear_history()[m[K;
      |       [01;31m[K~~~~~~~~~~~~~~~~~~~^~[m[K
[01m[K/home/rmcolin/ros2_ws/src/calculator_2/src/calculator_subscriber.cpp:72:8:[m[K [01;36m[Knote: [m[Kdeclared private here
   72 |   void [01;36m[Kclear_history[m[K()
      |        [01;36m[K^~~~~~~~~~~~~[m[K
gmake[2]: *** [CMakeFiles/calculator_subscriber.dir/build.make:76: CMakeFiles/calculator_subscriber.dir/src/calculator_subscriber.cpp.o] Error 1
gmake[1]: *** [CMakeFiles/Makefile2:165: CMakeFiles/calculator_subscriber.dir/all] Error 2
gmake: *** [Makefile:146: all] Error 2
